<?xml version="1.0" encoding="UTF-8"?>
<testsuite name="com.zhengdianfang.demo.DemoApplicationTests" tests="2" skipped="0" failures="0" errors="0" timestamp="2019-08-02T10:26:09" hostname="DESKTOP-JE9KJRM" time="0.22">
  <properties/>
  <testcase name="testUserProperties" classname="com.zhengdianfang.demo.DemoApplicationTests" time="0.215"/>
  <testcase name="contextLoads" classname="com.zhengdianfang.demo.DemoApplicationTests" time="0.003"/>
  <system-out><![CDATA[18:26:08.083 [Test worker] DEBUG org.springframework.test.context.junit4.SpringJUnit4ClassRunner - SpringJUnit4ClassRunner constructor called with [class com.zhengdianfang.demo.DemoApplicationTests]
18:26:08.091 [Test worker] DEBUG org.springframework.test.context.BootstrapUtils - Instantiating CacheAwareContextLoaderDelegate from class [org.springframework.test.context.cache.DefaultCacheAwareContextLoaderDelegate]
18:26:08.102 [Test worker] DEBUG org.springframework.test.context.BootstrapUtils - Instantiating BootstrapContext using constructor [public org.springframework.test.context.support.DefaultBootstrapContext(java.lang.Class,org.springframework.test.context.CacheAwareContextLoaderDelegate)]
18:26:08.127 [Test worker] DEBUG org.springframework.test.context.BootstrapUtils - Instantiating TestContextBootstrapper for test class [com.zhengdianfang.demo.DemoApplicationTests] from class [org.springframework.boot.test.context.SpringBootTestContextBootstrapper]
18:26:08.140 [Test worker] INFO org.springframework.boot.test.context.SpringBootTestContextBootstrapper - Neither @ContextConfiguration nor @ContextHierarchy found for test class [com.zhengdianfang.demo.DemoApplicationTests], using SpringBootContextLoader
18:26:08.143 [Test worker] DEBUG org.springframework.test.context.support.AbstractContextLoader - Did not detect default resource location for test class [com.zhengdianfang.demo.DemoApplicationTests]: class path resource [com/zhengdianfang/demo/DemoApplicationTests-context.xml] does not exist
18:26:08.144 [Test worker] DEBUG org.springframework.test.context.support.AbstractContextLoader - Did not detect default resource location for test class [com.zhengdianfang.demo.DemoApplicationTests]: class path resource [com/zhengdianfang/demo/DemoApplicationTestsContext.groovy] does not exist
18:26:08.144 [Test worker] INFO org.springframework.test.context.support.AbstractContextLoader - Could not detect default resource locations for test class [com.zhengdianfang.demo.DemoApplicationTests]: no resource found for suffixes {-context.xml, Context.groovy}.
18:26:08.145 [Test worker] INFO org.springframework.test.context.support.AnnotationConfigContextLoaderUtils - Could not detect default configuration classes for test class [com.zhengdianfang.demo.DemoApplicationTests]: DemoApplicationTests does not declare any static, non-private, non-final, nested classes annotated with @Configuration.
18:26:08.196 [Test worker] DEBUG org.springframework.test.context.support.ActiveProfilesUtils - Could not find an 'annotation declaring class' for annotation type [org.springframework.test.context.ActiveProfiles] and class [com.zhengdianfang.demo.DemoApplicationTests]
18:26:08.269 [Test worker] DEBUG org.springframework.context.annotation.ClassPathScanningCandidateComponentProvider - Identified candidate component class: file [E:\git-space\Spring-AutoConfiguration-2019-5-23-7-44-30-444\build\classes\java\main\com\zhengdianfang\demo\DemoApplication.class]
18:26:08.270 [Test worker] INFO org.springframework.boot.test.context.SpringBootTestContextBootstrapper - Found @SpringBootConfiguration com.zhengdianfang.demo.DemoApplication for test class com.zhengdianfang.demo.DemoApplicationTests
18:26:08.356 [Test worker] DEBUG org.springframework.boot.test.context.SpringBootTestContextBootstrapper - @TestExecutionListeners is not present for class [com.zhengdianfang.demo.DemoApplicationTests]: using defaults.
18:26:08.357 [Test worker] INFO org.springframework.boot.test.context.SpringBootTestContextBootstrapper - Loaded default TestExecutionListener class names from location [META-INF/spring.factories]: [org.springframework.boot.test.autoconfigure.restdocs.RestDocsTestExecutionListener, org.springframework.boot.test.autoconfigure.web.client.MockRestServiceServerResetTestExecutionListener, org.springframework.boot.test.autoconfigure.web.servlet.MockMvcPrintOnlyOnFailureTestExecutionListener, org.springframework.boot.test.autoconfigure.web.servlet.WebDriverTestExecutionListener, org.springframework.boot.test.mock.mockito.MockitoTestExecutionListener, org.springframework.boot.test.mock.mockito.ResetMocksTestExecutionListener, org.springframework.test.context.web.ServletTestExecutionListener, org.springframework.test.context.support.DirtiesContextBeforeModesTestExecutionListener, org.springframework.test.context.support.DependencyInjectionTestExecutionListener, org.springframework.test.context.support.DirtiesContextTestExecutionListener, org.springframework.test.context.transaction.TransactionalTestExecutionListener, org.springframework.test.context.jdbc.SqlScriptsTestExecutionListener]
18:26:08.372 [Test worker] DEBUG org.springframework.boot.test.context.SpringBootTestContextBootstrapper - Skipping candidate TestExecutionListener [org.springframework.test.context.web.ServletTestExecutionListener] due to a missing dependency. Specify custom listener classes or make the default listener classes and their required dependencies available. Offending class: [javax/servlet/ServletContext]
18:26:08.374 [Test worker] DEBUG org.springframework.boot.test.context.SpringBootTestContextBootstrapper - Skipping candidate TestExecutionListener [org.springframework.test.context.transaction.TransactionalTestExecutionListener] due to a missing dependency. Specify custom listener classes or make the default listener classes and their required dependencies available. Offending class: [org/springframework/transaction/interceptor/TransactionAttributeSource]
18:26:08.375 [Test worker] DEBUG org.springframework.boot.test.context.SpringBootTestContextBootstrapper - Skipping candidate TestExecutionListener [org.springframework.test.context.jdbc.SqlScriptsTestExecutionListener] due to a missing dependency. Specify custom listener classes or make the default listener classes and their required dependencies available. Offending class: [org/springframework/transaction/interceptor/TransactionAttribute]
18:26:08.376 [Test worker] INFO org.springframework.boot.test.context.SpringBootTestContextBootstrapper - Using TestExecutionListeners: [org.springframework.test.context.support.DirtiesContextBeforeModesTestExecutionListener@6fb586d9, org.springframework.boot.test.mock.mockito.MockitoTestExecutionListener@304d5723, org.springframework.boot.test.autoconfigure.SpringBootDependencyInjectionTestExecutionListener@70e463a0, org.springframework.test.context.support.DirtiesContextTestExecutionListener@adc9364, org.springframework.boot.test.autoconfigure.restdocs.RestDocsTestExecutionListener@499c5fa8, org.springframework.boot.test.autoconfigure.web.client.MockRestServiceServerResetTestExecutionListener@1332fdf7, org.springframework.boot.test.autoconfigure.web.servlet.MockMvcPrintOnlyOnFailureTestExecutionListener@40187552, org.springframework.boot.test.autoconfigure.web.servlet.WebDriverTestExecutionListener@2eb18986, org.springframework.boot.test.mock.mockito.ResetMocksTestExecutionListener@5fbe2e7]
18:26:08.380 [Test worker] DEBUG org.springframework.test.annotation.ProfileValueUtils - Retrieved @ProfileValueSourceConfiguration [null] for test class [com.zhengdianfang.demo.DemoApplicationTests]
18:26:08.381 [Test worker] DEBUG org.springframework.test.annotation.ProfileValueUtils - Retrieved ProfileValueSource type [class org.springframework.test.annotation.SystemProfileValueSource] for class [com.zhengdianfang.demo.DemoApplicationTests]
18:26:08.384 [Test worker] DEBUG org.springframework.test.annotation.ProfileValueUtils - Retrieved @ProfileValueSourceConfiguration [null] for test class [com.zhengdianfang.demo.DemoApplicationTests]
18:26:08.385 [Test worker] DEBUG org.springframework.test.annotation.ProfileValueUtils - Retrieved ProfileValueSource type [class org.springframework.test.annotation.SystemProfileValueSource] for class [com.zhengdianfang.demo.DemoApplicationTests]
18:26:08.386 [Test worker] DEBUG org.springframework.test.annotation.ProfileValueUtils - Retrieved @ProfileValueSourceConfiguration [null] for test class [com.zhengdianfang.demo.DemoApplicationTests]
18:26:08.386 [Test worker] DEBUG org.springframework.test.annotation.ProfileValueUtils - Retrieved ProfileValueSource type [class org.springframework.test.annotation.SystemProfileValueSource] for class [com.zhengdianfang.demo.DemoApplicationTests]
18:26:08.391 [Test worker] DEBUG org.springframework.test.context.support.AbstractDirtiesContextTestExecutionListener - Before test class: context [DefaultTestContext@2c676240 testClass = DemoApplicationTests, testInstance = [null], testMethod = [null], testException = [null], mergedContextConfiguration = [MergedContextConfiguration@2887b7d0 testClass = DemoApplicationTests, locations = '{}', classes = '{class com.zhengdianfang.demo.DemoApplication}', contextInitializerClasses = '[]', activeProfiles = '{}', propertySourceLocations = '{}', propertySourceProperties = '{org.springframework.boot.test.context.SpringBootTestContextBootstrapper=true}', contextCustomizers = set[org.springframework.boot.test.autoconfigure.properties.PropertyMappingContextCustomizer@0, org.springframework.boot.test.autoconfigure.web.servlet.WebDriverContextCustomizerFactory$Customizer@2aab85a1, org.springframework.boot.test.context.filter.ExcludeFilterContextCustomizer@142966e5, org.springframework.boot.test.json.DuplicateJsonObjectContextCustomizerFactory$DuplicateJsonObjectContextCustomizer@40b4300b, org.springframework.boot.test.mock.mockito.MockitoContextCustomizer@0, org.springframework.boot.test.web.client.TestRestTemplateContextCustomizer@1fc6fdfc], contextLoader = 'org.springframework.boot.test.context.SpringBootContextLoader', parent = [null]], attributes = map[[empty]]], class annotated with @DirtiesContext [false] with mode [null].
18:26:08.392 [Test worker] DEBUG org.springframework.test.annotation.ProfileValueUtils - Retrieved @ProfileValueSourceConfiguration [null] for test class [com.zhengdianfang.demo.DemoApplicationTests]
18:26:08.393 [Test worker] DEBUG org.springframework.test.annotation.ProfileValueUtils - Retrieved ProfileValueSource type [class org.springframework.test.annotation.SystemProfileValueSource] for class [com.zhengdianfang.demo.DemoApplicationTests]
18:26:08.398 [Test worker] DEBUG org.springframework.test.context.support.DependencyInjectionTestExecutionListener - Performing dependency injection for test context [[DefaultTestContext@2c676240 testClass = DemoApplicationTests, testInstance = com.zhengdianfang.demo.DemoApplicationTests@486ce88f, testMethod = [null], testException = [null], mergedContextConfiguration = [MergedContextConfiguration@2887b7d0 testClass = DemoApplicationTests, locations = '{}', classes = '{class com.zhengdianfang.demo.DemoApplication}', contextInitializerClasses = '[]', activeProfiles = '{}', propertySourceLocations = '{}', propertySourceProperties = '{org.springframework.boot.test.context.SpringBootTestContextBootstrapper=true}', contextCustomizers = set[org.springframework.boot.test.autoconfigure.properties.PropertyMappingContextCustomizer@0, org.springframework.boot.test.autoconfigure.web.servlet.WebDriverContextCustomizerFactory$Customizer@2aab85a1, org.springframework.boot.test.context.filter.ExcludeFilterContextCustomizer@142966e5, org.springframework.boot.test.json.DuplicateJsonObjectContextCustomizerFactory$DuplicateJsonObjectContextCustomizer@40b4300b, org.springframework.boot.test.mock.mockito.MockitoContextCustomizer@0, org.springframework.boot.test.web.client.TestRestTemplateContextCustomizer@1fc6fdfc], contextLoader = 'org.springframework.boot.test.context.SpringBootContextLoader', parent = [null]], attributes = map[[empty]]]].
18:26:08.419 [Test worker] DEBUG org.springframework.test.context.support.TestPropertySourceUtils - Adding inlined properties to environment: {spring.jmx.enabled=false, org.springframework.boot.test.context.SpringBootTestContextBootstrapper=true, server.port=-1}

  .   ____          _            __ _ _
 /\\ / ___'_ __ _ _(_)_ __  __ _ \ \ \ \
( ( )\___ | '_ | '_| | '_ \/ _` | \ \ \ \
 \\/  ___)| |_)| | | | | || (_| |  ) ) ) )
  '  |____| .__|_| |_|_| |_\__, | / / / /
 =========|_|==============|___/=/_/_/_/
 :: Spring Boot ::        (v2.1.5.RELEASE)

2019-08-02 18:26:08.647  INFO 5960 --- [    Test worker] c.z.demo.DemoApplicationTests            : Starting DemoApplicationTests on DESKTOP-JE9KJRM with PID 5960 (started by shall in E:\git-space\Spring-AutoConfiguration-2019-5-23-7-44-30-444)
2019-08-02 18:26:08.648  INFO 5960 --- [    Test worker] c.z.demo.DemoApplicationTests            : No active profile set, falling back to default profiles: default
2019-08-02 18:26:09.085  INFO 5960 --- [    Test worker] c.z.demo.DemoApplicationTests            : Started DemoApplicationTests in 0.664 seconds (JVM running for 1.765)
User{username='张三', age='14', address='北京市东城区 张三收'}
]]></system-out>
  <system-err><![CDATA[]]></system-err>
</testsuite>
